2025-06-03 01:34:12,230 - semgrep.notifications - WARNING - METRICS: Using configs from the Registry (like --config=p/ci) reports pseudonymous rule metrics to semgrep.dev.
To disable Registry rule metrics, use "--metrics=off".
Using configs only from local files (like --config=xyz.yml) does not enable metrics.

More information: https://semgrep.dev/docs/metrics

2025-06-03 01:34:12,231 - semgrep.run_scan - DEBUG - semgrep version 1.2.0
2025-06-03 01:34:12,235 - semgrep.git - DEBUG - Failed to get project url from 'git ls-remote': Command failed with exit code: 128
-----
Command failed with output:
fatal: No remote configured to list refs from.


Failed to run 'git ls-remote --get-url'. Possible reasons:

- the git binary is not available
- the current working directory is not a git repository
- the baseline commit is not a parent of the current commit
    (if you are running through semgrep-app, check if you are setting `SEMGREP_BRANCH` or `SEMGREP_BASELINE_COMMIT` properly)
- the current working directory is not marked as safe
    (fix with `git config --global --add safe.directory $(pwd)`)

Try running the command yourself to debug the issue.
2025-06-03 01:34:12,236 - semgrep.config_resolver - DEBUG - Loading local config from /home/runner/workspace/.config/.semgrep/semgrep_rules.json
2025-06-03 01:34:12,238 - semgrep.config_resolver - DEBUG - Done loading local config from /home/runner/workspace/.config/.semgrep/semgrep_rules.json
2025-06-03 01:34:12,240 - semgrep.config_resolver - DEBUG - Saving rules to /tmp/semgrep-xynq00d2.rules
2025-06-03 01:34:12,357 - semgrep.semgrep_core - DEBUG - Failed to open resource semgrep-core-proprietary: [Errno 2] No such file or directory: '/tmp/_MEIeYP9Tq/semgrep/bin/semgrep-core-proprietary'.
2025-06-03 01:34:12,744 - semgrep.rule_lang - DEBUG - semgrep-core validation response: valid=True
2025-06-03 01:34:12,744 - semgrep.rule_lang - DEBUG - semgrep-core validation succeeded
2025-06-03 01:34:12,744 - semgrep.rule_lang - DEBUG - RPC validation succeeded
2025-06-03 01:34:12,744 - semgrep.config_resolver - DEBUG - loaded 1 configs in 0.5085639953613281
2025-06-03 01:34:12,803 - semgrep.run_scan - VERBOSE - running 711 rules from 1 config /home/runner/workspace/.config/.semgrep/semgrep_rules.json_0
2025-06-03 01:34:12,803 - semgrep.run_scan - VERBOSE - No .semgrepignore found. Using default .semgrepignore rules. See the docs for the list of default ignores: https://semgrep.dev/docs/cli-usage/#ignore-files
2025-06-03 01:34:12,804 - semgrep.run_scan - VERBOSE - Rules:
2025-06-03 01:34:12,804 - semgrep.run_scan - VERBOSE - <SKIPPED DATA (too many entries; use --max-log-list-entries)>
2025-06-03 01:34:13,160 - semgrep.core_runner - DEBUG - Passing whole rules directly to semgrep_core
2025-06-03 01:34:13,297 - semgrep.core_runner - DEBUG - Running Semgrep engine with command:
2025-06-03 01:34:13,297 - semgrep.core_runner - DEBUG - /tmp/_MEIeYP9Tq/semgrep/bin/opengrep-core -json -rules /tmp/tmplhogqa38.json -j 8 -targets /tmp/tmp3m8pacxw -timeout 5 -timeout_threshold 3 -max_memory 0 -fast
2025-06-03 01:34:16,361 - semgrep.core_runner - DEBUG - --- semgrep-core stderr ---
[00.06][[34mINFO[0m]: Executed as: /tmp/_MEIeYP9Tq/semgrep/bin/opengrep-core -json -rules /tmp/tmplhogqa38.json -j 8 -targets /tmp/tmp3m8pacxw -timeout 5 -timeout_threshold 3 -max_memory 0 -fast
[00.06][[34mINFO[0m]: Version: 1.2.0
[00.06][[34mINFO[0m]: Parsing rules in /tmp/tmplhogqa38.json
[00.44][[34mINFO[0m]: scan: processing 289 files (skipping 0), with 454 rules (skipping 0 )
[03.03][[34mINFO[0m]: Custom ignore pattern: None
[03.03][[34mINFO[0m]: Custom ignore pattern: None
--- end semgrep-core stderr ---
2025-06-03 01:34:16,366 - semgrep.rule_match - DEBUG - match_key = ('', PosixPath('client/src/components/media-player.tsx'), 'config..semgrep.vendored-rules.javascript.lang.security.html-in-template-string') match_id = 523f07ec37b17c2f7f547131d62cf2b89309d0512cdd993e7c5f2953dc3e471d3c8b7ffdf37e8c557a5ddc1982c577f155b21dde876abf58113611ffd5e3c078_0
2025-06-03 01:34:16,367 - semgrep.rule_match - DEBUG - match_key = ('<iframe \n        width="100%" \n        height="315" \n        src=" .*</?[a-zA-Z] `<iframe \n        width="100%" \n        height="315" \n        src="${url}...`\n `...${url}<iframe \n        width="100%" \n        height="315" \n        src="`\n', PosixPath('client/src/components/media-player.tsx'), 'config..semgrep.vendored-rules.javascript.lang.security.html-in-template-string') match_id = 4394091c095df4ee9115feb801f031c30b6d6c2dca20982a4685c0db92f83e749e14c8b1e9bbd6c0bfec412fc55cb15802dec32efa9b8937bc71548d8e3d5ce7_0
2025-06-03 01:34:16,367 - semgrep.rule_match - DEBUG - match_key = ('<iframe \n        width="100%" \n        height="315" \n        src=" .*</?[a-zA-Z] `<iframe \n        width="100%" \n        height="315" \n        src="${url}...`\n `...${url}<iframe \n        width="100%" \n        height="315" \n        src="`\n', PosixPath('client/src/components/media-player.tsx'), 'config..semgrep.vendored-rules.javascript.lang.security.html-in-template-string') match_id = 4394091c095df4ee9115feb801f031c30b6d6c2dca20982a4685c0db92f83e749e14c8b1e9bbd6c0bfec412fc55cb15802dec32efa9b8937bc71548d8e3d5ce7_0
2025-06-03 01:34:16,368 - semgrep.rule_match - DEBUG - match_key = ('<iframe \n        width="100%" \n        height="315" \n        src=" .*</?[a-zA-Z] `<iframe \n        width="100%" \n        height="315" \n        src="${url}...`\n `...${url}<iframe \n        width="100%" \n        height="315" \n        src="`\n', PosixPath('client/src/components/media-player.tsx'), 'config..semgrep.vendored-rules.javascript.lang.security.html-in-template-string') match_id = 4394091c095df4ee9115feb801f031c30b6d6c2dca20982a4685c0db92f83e749e14c8b1e9bbd6c0bfec412fc55cb15802dec32efa9b8937bc71548d8e3d5ce7_0
2025-06-03 01:34:16,369 - semgrep.core_runner - DEBUG - semgrep ran in 0:00:03.209219 on 100 files
2025-06-03 01:34:16,370 - semgrep.core_runner - DEBUG - findings summary: 1 warning, 0 error, 0 info
2025-06-03 01:34:16,372 - semgrep.app.auth - DEBUG - Getting API token from settings file
2025-06-03 01:34:16,372 - semgrep.app.auth - DEBUG - No API token found in settings file
2025-06-03 01:34:16,373 - semgrep.semgrep_core - DEBUG - Failed to open resource semgrep-core-proprietary: [Errno 2] No such file or directory: '/tmp/_MEIeYP9Tq/semgrep/bin/semgrep-core-proprietary'.
2025-06-03 01:34:16,474 - semgrep.output - VERBOSE - 
========================================
Files skipped:
========================================

  Always skipped by Opengrep:

   • <none>

  Skipped by .gitignore:
  (Disable by passing --no-git-ignore)

   • <all files not listed by `git ls-files` were skipped>

  Skipped by .semgrepignore:
  - https://semgrep.dev/docs/ignoring-files-folders-code/#understand-semgrep-defaults

   • <none>

  Skipped by --include patterns:

   • <none>

  Skipped by --exclude patterns:

   • <none>

  Files skipped due to insufficient read permissions:

   • <none>

  Skipped by limiting to files smaller than 1000000 bytes:
  (Adjust with the --max-target-bytes flag)

   • <none>

  Partially analyzed due to parsing or internal Opengrep errors

   • tailwind.config.ts (1 lines skipped)

2025-06-03 01:34:16,475 - semgrep.output - INFO - Some files were skipped or only partially analyzed.
  Scan was limited to files tracked by git.
  Partially scanned: 1 files only partially analyzed due to parsing or internal Opengrep errors

Ran 435 rules on 100 files: 1 finding.
2025-06-03 01:34:16,476 - semgrep.app.version - DEBUG - Version cache does not exist
2025-06-03 01:34:16,489 - semgrep.metrics - VERBOSE - Not sending pseudonymous metrics since metrics are configured to OFF and registry usage is False
